<?xml version="1.0" encoding="UTF-8"?>
<!-- Generated by org.testng.reporters.JUnitXMLReporter -->
<testsuite hostname="DESKTOP-74O6H1L" ignored="2" name="DemoTest" tests="3" failures="0" timestamp="2021-12-17T01:08:36 IST" time="0.092" errors="0">
  <testcase name="Verify_001" time="0.013" classname="com.JuneBatchProject.Test.Test001"/>
  <testcase name="Verify_003" time="0.002" classname="com.JuneBatchProject.Test.Test001"/>
  <testcase name="Verify_005" time="0.002" classname="com.JuneBatchProject.Test.Test001"/>
  <testcase name="Verify_002" time="0.0" classname="com.JuneBatchProject.Test.Test001">
    <ignored/>
  </testcase> <!-- Verify_002 -->
  <testcase name="Verify_004" time="0.0" classname="com.JuneBatchProject.Test.Test001">
    <ignored/>
  </testcase> <!-- Verify_004 -->
</testsuite> <!-- DemoTest -->
