<?xml version="1.0" encoding="UTF-8"?>
<!-- Generated by org.testng.reporters.JUnitXMLReporter -->
<testsuite hostname="DESKTOP-74O6H1L" ignored="0" name="DemoTest" tests="5" failures="0" timestamp="2021-12-17T01:10:55 IST" time="0.043" errors="0">
  <testcase name="Verify_001" time="0.002" classname="com.JuneBatchProject.Test.Test001"/>
  <testcase name="Verify_002" time="0.002" classname="com.JuneBatchProject.Test.Test001"/>
  <testcase name="Verify_003" time="0.002" classname="com.JuneBatchProject.Test.Test001"/>
  <testcase name="Verify_004" time="0.002" classname="com.JuneBatchProject.Test.Test001"/>
  <testcase name="Verify_005" time="0.002" classname="com.JuneBatchProject.Test.Test001"/>
</testsuite> <!-- DemoTest -->
